2025-03-13 18:06:43 [scrapy.utils.log] INFO: Scrapy 2.12.0 started (bot: books)
2025-03-13 18:06:43 [scrapy.utils.log] INFO: Versions: lxml 5.3.1.0, libxml2 2.11.7, cssselect 1.2.0, parsel 1.10.0, w3lib 2.3.1, Twisted 24.11.0, Python 3.13.0 (tags/v3.13.0:60403a5, Oct  7 2024, 09:38:07) [MSC v.1941 64 bit (AMD64)], pyOpenSSL 25.0.0 (OpenSSL 3.4.1 11 Feb 2025), cryptography 44.0.1, Platform Windows-10-10.0.19045-SP0
2025-03-13 18:06:43 [scrapy.addons] INFO: Enabled addons:
[]
2025-03-13 18:06:43 [scrapy.extensions.telnet] INFO: Telnet Password: 4b4ceb9171fe0601
2025-03-13 18:06:43 [scrapy.middleware] INFO: Enabled extensions:
['scrapy.extensions.corestats.CoreStats',
 'scrapy.extensions.telnet.TelnetConsole',
 'scrapy.extensions.logstats.LogStats']
2025-03-13 18:06:43 [scrapy.crawler] INFO: Overridden settings:
{'BOT_NAME': 'books',
 'FEED_EXPORT_ENCODING': 'utf-8',
 'LOG_FILE': 'book_scraper.log',
 'LOG_LEVEL': 'INFO',
 'NEWSPIDER_MODULE': 'books.spiders',
 'ROBOTSTXT_OBEY': True,
 'SPIDER_MODULES': ['books.spiders'],
 'TWISTED_REACTOR': 'twisted.internet.asyncioreactor.AsyncioSelectorReactor'}
2025-03-13 18:06:44 [scrapy.middleware] INFO: Enabled downloader middlewares:
['scrapy.downloadermiddlewares.offsite.OffsiteMiddleware',
 'scrapy.downloadermiddlewares.robotstxt.RobotsTxtMiddleware',
 'scrapy.downloadermiddlewares.httpauth.HttpAuthMiddleware',
 'scrapy.downloadermiddlewares.downloadtimeout.DownloadTimeoutMiddleware',
 'scrapy.downloadermiddlewares.defaultheaders.DefaultHeadersMiddleware',
 'scrapy.downloadermiddlewares.useragent.UserAgentMiddleware',
 'scrapy.downloadermiddlewares.retry.RetryMiddleware',
 'scrapy.downloadermiddlewares.redirect.MetaRefreshMiddleware',
 'scrapy.downloadermiddlewares.httpcompression.HttpCompressionMiddleware',
 'scrapy.downloadermiddlewares.redirect.RedirectMiddleware',
 'scrapy.downloadermiddlewares.cookies.CookiesMiddleware',
 'scrapy.downloadermiddlewares.httpproxy.HttpProxyMiddleware',
 'scrapy.downloadermiddlewares.stats.DownloaderStats']
2025-03-13 18:06:44 [scrapy.middleware] INFO: Enabled spider middlewares:
['scrapy.spidermiddlewares.httperror.HttpErrorMiddleware',
 'scrapy.spidermiddlewares.referer.RefererMiddleware',
 'scrapy.spidermiddlewares.urllength.UrlLengthMiddleware',
 'scrapy.spidermiddlewares.depth.DepthMiddleware']
2025-03-13 18:06:44 [scrapy.middleware] INFO: Enabled item pipelines:
['books.pipelines.BooksPipeline']
2025-03-13 18:06:44 [scrapy.core.engine] INFO: Spider opened
2025-03-13 18:06:44 [scrapy.extensions.logstats] INFO: Crawled 0 pages (at 0 pages/min), scraped 0 items (at 0 items/min)
2025-03-13 18:06:44 [scrapy.extensions.telnet] INFO: Telnet console listening on 127.0.0.1:6023
2025-03-13 18:06:46 [book] INFO: Navigating to next page with URL https://books.toscrape.com/catalogue/page-2.html.
2025-03-13 18:06:47 [book] INFO: Navigating to next page with URL https://books.toscrape.com/catalogue/page-3.html.
2025-03-13 18:06:48 [book] INFO: Navigating to next page with URL https://books.toscrape.com/catalogue/page-4.html.
2025-03-13 18:06:49 [book] INFO: Navigating to next page with URL https://books.toscrape.com/catalogue/page-5.html.
2025-03-13 18:06:49 [book] INFO: Navigating to next page with URL https://books.toscrape.com/catalogue/page-6.html.
2025-03-13 18:06:50 [book] INFO: Navigating to next page with URL https://books.toscrape.com/catalogue/page-7.html.
2025-03-13 18:06:51 [book] INFO: Navigating to next page with URL https://books.toscrape.com/catalogue/page-8.html.
2025-03-13 18:06:51 [book] INFO: Navigating to next page with URL https://books.toscrape.com/catalogue/page-9.html.
2025-03-13 18:06:52 [book] INFO: Navigating to next page with URL https://books.toscrape.com/catalogue/page-10.html.
2025-03-13 18:06:52 [book] INFO: Navigating to next page with URL https://books.toscrape.com/catalogue/page-11.html.
2025-03-13 18:06:53 [book] INFO: Navigating to next page with URL https://books.toscrape.com/catalogue/page-12.html.
2025-03-13 18:06:53 [book] INFO: Navigating to next page with URL https://books.toscrape.com/catalogue/page-13.html.
2025-03-13 18:06:54 [book] INFO: Navigating to next page with URL https://books.toscrape.com/catalogue/page-14.html.
2025-03-13 18:06:55 [book] INFO: Navigating to next page with URL https://books.toscrape.com/catalogue/page-15.html.
2025-03-13 18:06:55 [book] INFO: Navigating to next page with URL https://books.toscrape.com/catalogue/page-16.html.
2025-03-13 18:06:56 [book] INFO: Navigating to next page with URL https://books.toscrape.com/catalogue/page-17.html.
2025-03-13 18:06:56 [book] INFO: Navigating to next page with URL https://books.toscrape.com/catalogue/page-18.html.
2025-03-13 18:06:57 [book] INFO: Navigating to next page with URL https://books.toscrape.com/catalogue/page-19.html.
2025-03-13 18:06:58 [book] INFO: Navigating to next page with URL https://books.toscrape.com/catalogue/page-20.html.
2025-03-13 18:06:58 [book] INFO: Navigating to next page with URL https://books.toscrape.com/catalogue/page-21.html.
2025-03-13 18:06:59 [book] INFO: Navigating to next page with URL https://books.toscrape.com/catalogue/page-22.html.
2025-03-13 18:06:59 [book] INFO: Navigating to next page with URL https://books.toscrape.com/catalogue/page-23.html.
2025-03-13 18:07:00 [book] INFO: Navigating to next page with URL https://books.toscrape.com/catalogue/page-24.html.
2025-03-13 18:07:00 [book] INFO: Navigating to next page with URL https://books.toscrape.com/catalogue/page-25.html.
2025-03-13 18:07:01 [book] INFO: Navigating to next page with URL https://books.toscrape.com/catalogue/page-26.html.
2025-03-13 18:07:01 [book] INFO: Navigating to next page with URL https://books.toscrape.com/catalogue/page-27.html.
2025-03-13 18:07:02 [book] INFO: Navigating to next page with URL https://books.toscrape.com/catalogue/page-28.html.
2025-03-13 18:07:02 [book] INFO: Navigating to next page with URL https://books.toscrape.com/catalogue/page-29.html.
2025-03-13 18:07:03 [book] INFO: Navigating to next page with URL https://books.toscrape.com/catalogue/page-30.html.
2025-03-13 18:07:04 [book] INFO: Navigating to next page with URL https://books.toscrape.com/catalogue/page-31.html.
2025-03-13 18:07:04 [book] INFO: Navigating to next page with URL https://books.toscrape.com/catalogue/page-32.html.
2025-03-13 18:07:05 [book] INFO: Navigating to next page with URL https://books.toscrape.com/catalogue/page-33.html.
2025-03-13 18:07:05 [book] INFO: Navigating to next page with URL https://books.toscrape.com/catalogue/page-34.html.
2025-03-13 18:07:05 [book] INFO: Navigating to next page with URL https://books.toscrape.com/catalogue/page-35.html.
2025-03-13 18:07:06 [book] INFO: Navigating to next page with URL https://books.toscrape.com/catalogue/page-36.html.
2025-03-13 18:07:07 [book] INFO: Navigating to next page with URL https://books.toscrape.com/catalogue/page-37.html.
2025-03-13 18:07:07 [book] INFO: Navigating to next page with URL https://books.toscrape.com/catalogue/page-38.html.
2025-03-13 18:07:08 [book] INFO: Navigating to next page with URL https://books.toscrape.com/catalogue/page-39.html.
2025-03-13 18:07:08 [book] INFO: Navigating to next page with URL https://books.toscrape.com/catalogue/page-40.html.
2025-03-13 18:07:09 [book] INFO: Navigating to next page with URL https://books.toscrape.com/catalogue/page-41.html.
2025-03-13 18:07:09 [book] INFO: Navigating to next page with URL https://books.toscrape.com/catalogue/page-42.html.
2025-03-13 18:07:10 [book] INFO: Navigating to next page with URL https://books.toscrape.com/catalogue/page-43.html.
2025-03-13 18:07:10 [book] INFO: Navigating to next page with URL https://books.toscrape.com/catalogue/page-44.html.
2025-03-13 18:07:11 [book] INFO: Navigating to next page with URL https://books.toscrape.com/catalogue/page-45.html.
2025-03-13 18:07:11 [book] INFO: Navigating to next page with URL https://books.toscrape.com/catalogue/page-46.html.
2025-03-13 18:07:12 [book] INFO: Navigating to next page with URL https://books.toscrape.com/catalogue/page-47.html.
2025-03-13 18:07:12 [book] INFO: Navigating to next page with URL https://books.toscrape.com/catalogue/page-48.html.
2025-03-13 18:07:13 [book] INFO: Navigating to next page with URL https://books.toscrape.com/catalogue/page-49.html.
2025-03-13 18:07:13 [book] INFO: Navigating to next page with URL https://books.toscrape.com/catalogue/page-50.html.
2025-03-13 18:07:14 [scrapy.core.engine] INFO: Closing spider (finished)
2025-03-13 18:07:14 [scrapy.statscollectors] INFO: Dumping Scrapy stats:
{'downloader/request_bytes': 15159,
 'downloader/request_count': 51,
 'downloader/request_method_count/GET': 51,
 'downloader/response_bytes': 2556339,
 'downloader/response_count': 51,
 'downloader/response_status_count/200': 50,
 'downloader/response_status_count/404': 1,
 'elapsed_time_seconds': 29.215272,
 'finish_reason': 'finished',
 'finish_time': datetime.datetime(2025, 3, 13, 16, 7, 14, 136338, tzinfo=datetime.timezone.utc),
 'item_scraped_count': 1000,
 'items_per_minute': None,
 'log_count/INFO': 59,
 'request_depth_max': 49,
 'response_received_count': 51,
 'responses_per_minute': None,
 'robotstxt/request_count': 1,
 'robotstxt/response_count': 1,
 'robotstxt/response_status_count/404': 1,
 'scheduler/dequeued': 50,
 'scheduler/dequeued/memory': 50,
 'scheduler/enqueued': 50,
 'scheduler/enqueued/memory': 50,
 'start_time': datetime.datetime(2025, 3, 13, 16, 6, 44, 921066, tzinfo=datetime.timezone.utc)}
2025-03-13 18:07:14 [scrapy.core.engine] INFO: Spider closed (finished)
2025-03-13 18:22:47 [scrapy.utils.log] INFO: Scrapy 2.12.0 started (bot: books)
2025-03-13 18:22:48 [scrapy.utils.log] INFO: Versions: lxml 5.3.1.0, libxml2 2.11.7, cssselect 1.2.0, parsel 1.10.0, w3lib 2.3.1, Twisted 24.11.0, Python 3.13.0 (tags/v3.13.0:60403a5, Oct  7 2024, 09:38:07) [MSC v.1941 64 bit (AMD64)], pyOpenSSL 25.0.0 (OpenSSL 3.4.1 11 Feb 2025), cryptography 44.0.1, Platform Windows-10-10.0.19045-SP0
2025-03-13 18:22:48 [scrapy.addons] INFO: Enabled addons:
[]
2025-03-13 18:22:48 [scrapy.extensions.telnet] INFO: Telnet Password: 122065ecc78275ba
2025-03-13 18:22:48 [scrapy.middleware] INFO: Enabled extensions:
['scrapy.extensions.corestats.CoreStats',
 'scrapy.extensions.telnet.TelnetConsole',
 'scrapy.extensions.logstats.LogStats']
2025-03-13 18:22:48 [scrapy.crawler] INFO: Overridden settings:
{'BOT_NAME': 'books',
 'FEED_EXPORT_ENCODING': 'utf-8',
 'LOG_ENABLED': False,
 'LOG_FILE': 'book_scraper.log',
 'LOG_LEVEL': 'INFO',
 'NEWSPIDER_MODULE': 'books.spiders',
 'ROBOTSTXT_OBEY': True,
 'SPIDER_MODULES': ['books.spiders'],
 'TWISTED_REACTOR': 'twisted.internet.asyncioreactor.AsyncioSelectorReactor'}
2025-03-13 18:22:49 [scrapy.middleware] INFO: Enabled downloader middlewares:
['scrapy.downloadermiddlewares.offsite.OffsiteMiddleware',
 'scrapy.downloadermiddlewares.robotstxt.RobotsTxtMiddleware',
 'scrapy.downloadermiddlewares.httpauth.HttpAuthMiddleware',
 'scrapy.downloadermiddlewares.downloadtimeout.DownloadTimeoutMiddleware',
 'scrapy.downloadermiddlewares.defaultheaders.DefaultHeadersMiddleware',
 'scrapy.downloadermiddlewares.useragent.UserAgentMiddleware',
 'scrapy.downloadermiddlewares.retry.RetryMiddleware',
 'scrapy.downloadermiddlewares.redirect.MetaRefreshMiddleware',
 'scrapy.downloadermiddlewares.httpcompression.HttpCompressionMiddleware',
 'scrapy.downloadermiddlewares.redirect.RedirectMiddleware',
 'scrapy.downloadermiddlewares.cookies.CookiesMiddleware',
 'scrapy.downloadermiddlewares.httpproxy.HttpProxyMiddleware',
 'scrapy.downloadermiddlewares.stats.DownloaderStats']
2025-03-13 18:22:49 [scrapy.middleware] INFO: Enabled spider middlewares:
['scrapy.spidermiddlewares.httperror.HttpErrorMiddleware',
 'scrapy.spidermiddlewares.referer.RefererMiddleware',
 'scrapy.spidermiddlewares.urllength.UrlLengthMiddleware',
 'scrapy.spidermiddlewares.depth.DepthMiddleware']
2025-03-13 18:22:49 [scrapy.middleware] INFO: Enabled item pipelines:
['books.pipelines.BooksPipeline']
2025-03-13 18:22:49 [scrapy.core.engine] INFO: Spider opened
2025-03-13 18:22:49 [scrapy.extensions.logstats] INFO: Crawled 0 pages (at 0 pages/min), scraped 0 items (at 0 items/min)
2025-03-13 18:22:49 [scrapy.extensions.telnet] INFO: Telnet console listening on 127.0.0.1:6023
2025-03-13 18:22:50 [book] INFO: Navigating to next page with URL https://books.toscrape.com/catalogue/page-2.html.
2025-03-13 18:22:51 [scrapy.core.engine] INFO: Closing spider (finished)
2025-03-13 18:22:51 [scrapy.statscollectors] INFO: Dumping Scrapy stats:
{'downloader/request_bytes': 448,
 'downloader/request_count': 2,
 'downloader/request_method_count/GET': 2,
 'downloader/response_bytes': 51883,
 'downloader/response_count': 2,
 'downloader/response_status_count/200': 1,
 'downloader/response_status_count/404': 1,
 'elapsed_time_seconds': 1.632134,
 'finish_reason': 'finished',
 'finish_time': datetime.datetime(2025, 3, 13, 16, 22, 51, 3519, tzinfo=datetime.timezone.utc),
 'items_per_minute': None,
 'log_count/INFO': 11,
 'response_received_count': 2,
 'responses_per_minute': None,
 'robotstxt/request_count': 1,
 'robotstxt/response_count': 1,
 'robotstxt/response_status_count/404': 1,
 'scheduler/dequeued': 1,
 'scheduler/dequeued/memory': 1,
 'scheduler/enqueued': 1,
 'scheduler/enqueued/memory': 1,
 'start_time': datetime.datetime(2025, 3, 13, 16, 22, 49, 371385, tzinfo=datetime.timezone.utc)}
2025-03-13 18:22:51 [scrapy.core.engine] INFO: Spider closed (finished)
2025-03-13 18:33:30 [scrapy.utils.log] INFO: Scrapy 2.12.0 started (bot: books)
2025-03-13 18:33:30 [scrapy.utils.log] INFO: Versions: lxml 5.3.1.0, libxml2 2.11.7, cssselect 1.2.0, parsel 1.10.0, w3lib 2.3.1, Twisted 24.11.0, Python 3.13.0 (tags/v3.13.0:60403a5, Oct  7 2024, 09:38:07) [MSC v.1941 64 bit (AMD64)], pyOpenSSL 25.0.0 (OpenSSL 3.4.1 11 Feb 2025), cryptography 44.0.1, Platform Windows-10-10.0.19045-SP0
2025-03-13 18:33:30 [scrapy.addons] INFO: Enabled addons:
[]
2025-03-13 18:33:30 [scrapy.extensions.telnet] INFO: Telnet Password: 2b5c78c3c7e72564
2025-03-13 18:33:30 [scrapy.middleware] INFO: Enabled extensions:
['scrapy.extensions.corestats.CoreStats',
 'scrapy.extensions.telnet.TelnetConsole',
 'scrapy.extensions.logstats.LogStats']
2025-03-13 18:33:30 [scrapy.crawler] INFO: Overridden settings:
{'BOT_NAME': 'books',
 'FEED_EXPORT_ENCODING': 'utf-8',
 'LOG_ENABLED': False,
 'LOG_FILE': 'book_scraper.log',
 'LOG_LEVEL': 'INFO',
 'NEWSPIDER_MODULE': 'books.spiders',
 'ROBOTSTXT_OBEY': True,
 'SPIDER_MODULES': ['books.spiders'],
 'TWISTED_REACTOR': 'twisted.internet.asyncioreactor.AsyncioSelectorReactor',
 'USER_AGENT': 'Mozilla/5.0 (Windows NT 10.0; Win64; x64) AppleWebKit/537.36 '
               '(KHTML, like Gecko) Chrome/58.0.3029.110 Safari/537.3'}
2025-03-13 18:33:31 [scrapy.middleware] INFO: Enabled downloader middlewares:
['scrapy.downloadermiddlewares.offsite.OffsiteMiddleware',
 'scrapy.downloadermiddlewares.robotstxt.RobotsTxtMiddleware',
 'scrapy.downloadermiddlewares.httpauth.HttpAuthMiddleware',
 'scrapy.downloadermiddlewares.downloadtimeout.DownloadTimeoutMiddleware',
 'scrapy.downloadermiddlewares.defaultheaders.DefaultHeadersMiddleware',
 'scrapy.downloadermiddlewares.useragent.UserAgentMiddleware',
 'scrapy.downloadermiddlewares.retry.RetryMiddleware',
 'scrapy.downloadermiddlewares.redirect.MetaRefreshMiddleware',
 'scrapy.downloadermiddlewares.httpcompression.HttpCompressionMiddleware',
 'scrapy.downloadermiddlewares.redirect.RedirectMiddleware',
 'scrapy.downloadermiddlewares.cookies.CookiesMiddleware',
 'scrapy.downloadermiddlewares.httpproxy.HttpProxyMiddleware',
 'scrapy.downloadermiddlewares.stats.DownloaderStats']
2025-03-13 18:33:31 [scrapy.middleware] INFO: Enabled spider middlewares:
['scrapy.spidermiddlewares.httperror.HttpErrorMiddleware',
 'scrapy.spidermiddlewares.referer.RefererMiddleware',
 'scrapy.spidermiddlewares.urllength.UrlLengthMiddleware',
 'scrapy.spidermiddlewares.depth.DepthMiddleware']
2025-03-13 18:33:32 [scrapy.middleware] INFO: Enabled item pipelines:
['books.pipelines.BooksPipeline']
2025-03-13 18:33:32 [scrapy.core.engine] INFO: Spider opened
2025-03-13 18:33:32 [scrapy.extensions.logstats] INFO: Crawled 0 pages (at 0 pages/min), scraped 0 items (at 0 items/min)
2025-03-13 18:33:32 [scrapy.extensions.telnet] INFO: Telnet console listening on 127.0.0.1:6023
2025-03-13 18:33:33 [book] INFO: Navigating to next page with URL https://books.toscrape.com/catalogue/page-2.html.
2025-03-13 18:33:33 [scrapy.core.engine] INFO: Closing spider (finished)
2025-03-13 18:33:33 [scrapy.statscollectors] INFO: Dumping Scrapy stats:
{'downloader/request_bytes': 606,
 'downloader/request_count': 2,
 'downloader/request_method_count/GET': 2,
 'downloader/response_bytes': 52285,
 'downloader/response_count': 2,
 'downloader/response_status_count/200': 1,
 'downloader/response_status_count/404': 1,
 'elapsed_time_seconds': 1.759449,
 'finish_reason': 'finished',
 'finish_time': datetime.datetime(2025, 3, 13, 16, 33, 33, 876515, tzinfo=datetime.timezone.utc),
 'items_per_minute': None,
 'log_count/INFO': 11,
 'response_received_count': 2,
 'responses_per_minute': None,
 'robotstxt/request_count': 1,
 'robotstxt/response_count': 1,
 'robotstxt/response_status_count/404': 1,
 'scheduler/dequeued': 1,
 'scheduler/dequeued/memory': 1,
 'scheduler/enqueued': 1,
 'scheduler/enqueued/memory': 1,
 'start_time': datetime.datetime(2025, 3, 13, 16, 33, 32, 117066, tzinfo=datetime.timezone.utc)}
2025-03-13 18:33:33 [scrapy.core.engine] INFO: Spider closed (finished)
